
error: Erro ao inserir loja: - timestamp: 05/03/2025 12:23:33

error: CEP 10000-100 não encontrado! - timestamp: 05/03/2025 13:05:17

error: Erro ao obter coordenadas: - timestamp: 05/03/2025 15:24:46

error: Erro ao buscar coordenadas do CEP 53640065: Erro ao obter coordenadas. - timestamp: 05/03/2025 15:24:46

error: Erro ao obter coordenadas: - timestamp: 05/03/2025 15:25:53

error: Erro ao buscar coordenadas do CEP 53640-065: Erro ao obter coordenadas. - timestamp: 05/03/2025 15:25:53

error: Erro ao obter coordenadas: - timestamp: 05/03/2025 15:26:25

error: Erro ao buscar coordenadas do CEP 53640-065: - timestamp: 05/03/2025 15:26:25

error: Erro ao obter coordenadas: - timestamp: 05/03/2025 15:33:07

error: Erro ao buscar coordenadas do CEP 53640-065: - timestamp: 05/03/2025 15:33:07

error: Erro ao obter coordenadas: - timestamp: 05/03/2025 15:33:56

error: Erro ao buscar coordenadas do CEP 99010051: - timestamp: 05/03/2025 15:33:56

error: Erro ao obter coordenadas: - timestamp: 05/03/2025 15:39:45

error: Erro ao buscar coordenadas do CEP 99010-200: - timestamp: 05/03/2025 15:39:45

error: Erro ao obter coordenadas: - timestamp: 05/03/2025 15:49:40

error: Erro ao buscar coordenadas do CEP 99010-200: - timestamp: 05/03/2025 15:49:40

error: Erro ao obter coordenadas: - timestamp: 05/03/2025 15:50:57

error: Erro ao buscar coordenadas do CEP 53640065: - timestamp: 05/03/2025 15:50:57

error: Erro ao obter coordenadas: - timestamp: 05/03/2025 15:54:17

error: Erro ao buscar coordenadas do CEP 53640065: - timestamp: 05/03/2025 15:54:17

error: Erro ao obter coordenadas: - timestamp: 05/03/2025 15:57:31

error: Erro ao buscar coordenadas do CEP 53640065: - timestamp: 05/03/2025 15:57:31

error: Erro ao obter coordenadas: - timestamp: 05/03/2025 16:00:41

error: Erro ao buscar coordenadas do CEP 53640065: - timestamp: 05/03/2025 16:00:41

error: Erro ao obter coordenadas: - timestamp: 05/03/2025 16:04:58

error: Erro ao buscar coordenadas do CEP 53640065: - timestamp: 05/03/2025 16:04:58

error: Erro ao obter coordenadas: - timestamp: 05/03/2025 16:15:16

error: Erro ao buscar coordenadas do CEP 53640065: - timestamp: 05/03/2025 16:15:16

error: Erro ao obter coordenadas: - timestamp: 05/03/2025 16:18:55

error: Erro ao buscar coordenadas do CEP 53640065: - timestamp: 05/03/2025 16:18:55

error: Erro ao obter coordenadas: - timestamp: 05/03/2025 16:18:57

error: Erro ao buscar coordenadas do CEP 53640065: - timestamp: 05/03/2025 16:18:57

error: Erro ao obter coordenadas: - timestamp: 05/03/2025 16:19:14

error: Erro ao buscar coordenadas do CEP 53640065: - timestamp: 05/03/2025 16:19:14

error: Erro ao obter coordenadas: - timestamp: 05/03/2025 16:26:25

error: Erro ao buscar coordenadas do CEP 53640060: - timestamp: 05/03/2025 16:26:25

error: Erro ao obter coordenadas: - timestamp: 05/03/2025 16:26:29

error: Erro ao buscar coordenadas do CEP 53640-060: - timestamp: 05/03/2025 16:26:29

error: Erro ao obter coordenadas: - timestamp: 05/03/2025 16:42:55

error: Erro ao buscar coordenadas do CEP 53640-060: - timestamp: 05/03/2025 16:42:55

error: Erro ao obter coordenadas: - timestamp: 05/03/2025 16:42:56

error: Erro ao buscar coordenadas do CEP 53640-060: - timestamp: 05/03/2025 16:42:56

error: Erro ao obter coordenadas: - timestamp: 05/03/2025 16:42:58

error: Erro ao buscar coordenadas do CEP 53640-060: - timestamp: 05/03/2025 16:42:58

error: Erro ao obter coordenadas: - timestamp: 05/03/2025 16:46:27

error: Erro ao buscar coordenadas do CEP 53444-490: - timestamp: 05/03/2025 16:46:27

error: Erro ao obter coordenadas: - timestamp: 05/03/2025 16:49:17

error: Erro ao buscar coordenadas do CEP 53444-490: - timestamp: 05/03/2025 16:49:17

error: Erro ao obter coordenadas: - timestamp: 05/03/2025 17:03:38

error: Erro ao buscar coordenadas do CEP 53444-490: - timestamp: 05/03/2025 17:03:38

error: Erro ao obter coordenadas: - timestamp: 05/03/2025 17:10:01

error: Erro ao buscar coordenadas do CEP 53444-490: - timestamp: 05/03/2025 17:10:01

error: Erro ao obter coordenadas: - timestamp: 05/03/2025 17:10:06

error: Erro ao buscar coordenadas do CEP 53444490: - timestamp: 05/03/2025 17:10:06

error: Erro ao obter coordenadas: - timestamp: 05/03/2025 17:10:13

error: Erro ao buscar coordenadas do CEP 53640060: - timestamp: 05/03/2025 17:10:13

error: Erro ao obter coordenadas: - timestamp: 05/03/2025 17:14:12

error: Erro ao buscar coordenadas do CEP 34568890: - timestamp: 05/03/2025 17:14:12

error: Erro ao obter coordenadas: - timestamp: 05/03/2025 17:14:32

error: Erro ao buscar coordenadas do CEP 53130-250: - timestamp: 05/03/2025 17:14:32

error: Erro ao obter coordenadas: - timestamp: 05/03/2025 17:14:35

error: Erro ao buscar coordenadas do CEP 53130-250: - timestamp: 05/03/2025 17:14:35

error: Erro ao obter coordenadas: - timestamp: 05/03/2025 17:14:37

error: Erro ao buscar coordenadas do CEP 53130-250: - timestamp: 05/03/2025 17:14:37

error: Erro ao obter coordenadas: - timestamp: 05/03/2025 17:14:42

error: Erro ao buscar coordenadas do CEP 53130999: - timestamp: 05/03/2025 17:14:42

error: CEP 53130999 não encontrado! - timestamp: 05/03/2025 17:18:54

error: Erro ao localizar as coordenadas do Cep: Request failed with status code 400 - timestamp: 06/03/2025 10:14:29

error: Erro ao localizar as coordenadas do Cep: Request failed with status code 400 - timestamp: 06/03/2025 10:19:54

error: Erro ao localizar as coordenadas do Cep: res is not defined - timestamp: 06/03/2025 10:30:35

error: Erro ao localizar as coordenadas do Cep: res is not defined - timestamp: 06/03/2025 10:30:35

error: Erro ao obter coordenadas: Coordenadas não localizadas! - timestamp: 06/03/2025 15:24:13

error: Erro ao processar o CEP 53444-490: Coordenadas não localizadas! - timestamp: 06/03/2025 15:24:13

error: Erro ao obter coordenadas: Coordenadas não localizadas! - timestamp: 06/03/2025 15:24:47

error: Erro ao processar o CEP 53444490: Coordenadas não localizadas! - timestamp: 06/03/2025 15:24:47

error: Erro ao processar o CEP 51230-000: estado is not defined - timestamp: 06/03/2025 15:36:44

error: Erro ao processar o CEP 51230-000: cidade is not defined - timestamp: 06/03/2025 15:37:07

error: Erro ao processar o CEP 51230-000: localidade is not defined - timestamp: 06/03/2025 15:37:43

error: CEP 89009100 não encontrado! | timestamp: 06/03/2025 15:53:26

error: Erro ao conectar ao banco de dados: | timestamp: 06/03/2025 18:22:48

error: Erro ao processar o CEP 51230-000: rows is not defined

timestamp: 07/03/2025 14:28:46

error: Erro ao processar o CEP 51230-000: rows is not defined

timestamp: 07/03/2025 14:30:55

error: Erro ao processar o CEP 51230-000: rows is not defined

timestamp: 07/03/2025 14:34:00

error: Erro ao processar o CEP 51230-000: id is not defined

timestamp: 07/03/2025 14:39:00

error: Erro ao processar o CEP 51230-000: id is not defined

timestamp: 07/03/2025 14:40:42

error: Erro ao processar o CEP 51230-000: nome is not defined

timestamp: 07/03/2025 14:41:07

error: Erro ao processar o CEP 53130-250: obterCoordenadas is not a function

timestamp: 07/03/2025 16:26:22
{"level":"error","message":"Erro ao processar o CEP 53640065: lojas is not defined","timestamp":"07/03/2025 18:09:26"}
{"level":"error","message":"Erro ao processar o CEP 53640065: distanciasOrdenadas is not defined","timestamp":"07/03/2025 18:39:46"}
{"level":"error","message":"Erro ao processar o CEP 58345-000: lojaProximas is not defined","timestamp":"07/03/2025 21:20:59"}
{"level":"error","message":"Erro ao processar o CEP 53640065: logradouro is not defined","timestamp":"07/03/2025 22:13:52"}
{"level":"error","message":"Erro ao processar o CEP 53640065: estado is not defined","timestamp":"07/03/2025 22:23:43"}
{"level":"error","message":"Erro ao processar o CEP 53640065: estado is not defined","timestamp":"07/03/2025 22:27:48"}
{"level":"error","message":"Erro ao processar o CEP 53640065: estado is not defined","timestamp":"07/03/2025 22:28:01"}
{"level":"error","message":"Erro ao processar o CEP 53640065: estado is not defined","timestamp":"07/03/2025 22:28:13"}
{"level":"error","message":"Erro ao processar o CEP 53640065: estado is not defined","timestamp":"07/03/2025 22:28:24"}
{"level":"error","message":"Erro ao processar o CEP 53640065: estado is not defined","timestamp":"07/03/2025 22:28:33"}
{"level":"error","message":"Erro ao obter coordenadas: Coordenadas não localizadas!","timestamp":"08/03/2025 11:56:41"}
{"level":"error","message":"Erro ao processar o Cep 53444-490: Coordenadas não localizadas!","timestamp":"08/03/2025 11:56:41"}
{"level":"error","message":"Erro ao obter coordenadas: Coordenadas não localizadas!","timestamp":"08/03/2025 11:57:30"}
{"level":"error","message":"Erro ao processar o Cep 53444490: Coordenadas não localizadas!","timestamp":"08/03/2025 11:57:30"}
{"level":"error","message":"Erro ao obter coordenadas: Coordenadas não localizadas!","timestamp":"08/03/2025 11:58:36"}
{"level":"error","message":"Erro ao processar o Cep 53444490: Coordenadas não localizadas!","timestamp":"08/03/2025 11:58:36"}
{"level":"error","message":"Erro ao obter coordenadas: Coordenadas não localizadas!","timestamp":"08/03/2025 12:05:40"}
{"level":"error","message":"Erro ao processar o Cep 53444-490: Coordenadas não localizadas!","timestamp":"08/03/2025 12:05:40"}
{"level":"error","message":"Erro ao processar o Cep 58345000: logradouro is not defined","timestamp":"08/03/2025 12:46:38"}
{"level":"error","message":"Erro ao processar o Cep 58345000: uf is not defined","timestamp":"08/03/2025 12:54:47"}
{"level":"error","message":"Erro ao processar o Cep 20271-15: res is not defined","timestamp":"08/03/2025 13:23:32"}
{"level":"error","message":"Erro ao consultar o Cep 20271-15: res is not defined","timestamp":"08/03/2025 13:25:54"}
{"level":"error","message":"Erro ao processar o Cep 20271-15: Erro ao localizar o Cep!","timestamp":"08/03/2025 13:25:54"}
{"level":"error","message":"Erro ao consultar o Cep 20271-15: Cep inválido!","timestamp":"08/03/2025 13:36:02"}
{"level":"error","message":"Erro ao processar o Cep 20271-15: Erro ao localizar o Cep!","timestamp":"08/03/2025 13:36:02"}
{"level":"error","message":"Erro ao consultar o Cep 20271-15: Cep inválido!","timestamp":"08/03/2025 13:37:05"}
{"level":"error","message":"Erro ao processar o Cep 20271-15: Erro ao localizar o Cep!","timestamp":"08/03/2025 13:37:05"}
{"level":"error","message":"Erro ao processar o Cep 53640065: resgatarLojas is not a function","timestamp":"08/03/2025 15:12:27"}
{"level":"error","message":"Erro ao processar o Cep 53640065: resgatarLojas is not a function","timestamp":"08/03/2025 15:13:06"}
{"level":"error","message":"Erro ao processar o Cep 53640065: resgatarLojas is not a function","timestamp":"08/03/2025 15:15:21"}
{"level":"error","message":"Erro ao consultar o Cep 000100000: Cep inválido!","timestamp":"08/03/2025 15:28:23"}
{"level":"error","message":"Erro ao processar o Cep 000100000: Erro ao localizar o Cep!","timestamp":"08/03/2025 15:28:23"}
{"level":"error","message":"Erro ao processar o Cep 53640065: result is not defined","timestamp":"09/03/2025 11:48:12"}
{"level":"error","message":"Erro ao processar o Cep 53640065: result is not defined","timestamp":"09/03/2025 11:48:53"}
{"level":"error","message":"Erro ao processar o Cep 53640065: result is not defined","timestamp":"09/03/2025 11:49:36"}
{"level":"error","message":"Erro ao processar o Cep 53640065: result is not defined","timestamp":"09/03/2025 11:52:42"}
{"level":"error","message":"Erro ao processar o Cep 53640065: result is not defined","timestamp":"09/03/2025 12:01:58"}
{"level":"error","message":"Erro ao processar o Cep 10000100: result is not defined","timestamp":"09/03/2025 12:02:09"}
{"level":"error","message":"Erro ao processar o Cep 10000100: result is not defined","timestamp":"09/03/2025 12:08:30"}
{"level":"error","message":"Erro ao processar o Cep 53640065: result is not defined","timestamp":"09/03/2025 12:18:09"}
{"level":"error","message":"Erro ao processar o Cep 53640065: result is not defined","timestamp":"09/03/2025 12:19:35"}
{"level":"error","message":"Erro ao obter coordenadas: pk is not defined","timestamp":"09/03/2025 14:54:46"}
{"level":"error","message":"Erro ao processar o Cep 49160-000: pk is not defined","timestamp":"09/03/2025 14:54:46"}
{"level":"error","message":"Erro ao obter coordenadas: Request failed with status code 404","timestamp":"09/03/2025 15:29:30"}
{"level":"error","message":"Erro ao processar o Cep 59162-000: Request failed with status code 404","timestamp":"09/03/2025 15:29:30"}
{"level":"error","message":"Erro ao obter coordenadas: Request failed with status code 404","timestamp":"09/03/2025 15:32:40"}
{"level":"error","message":"Erro ao processar o Cep 53640065: Request failed with status code 404","timestamp":"09/03/2025 15:32:40"}
{"level":"error","message":"Erro ao obter coordenadas: Request failed with status code 404","timestamp":"09/03/2025 15:34:35"}
{"level":"error","message":"Erro ao processar o Cep 53640065: Request failed with status code 404","timestamp":"09/03/2025 15:34:35"}
{"level":"error","message":"Erro ao obter coordenadas: Request failed with status code 404","timestamp":"09/03/2025 15:35:37"}
{"level":"error","message":"Erro ao processar o Cep 53640065: Request failed with status code 404","timestamp":"09/03/2025 15:35:37"}
{"level":"error","message":"Erro ao processar o Cep 59585000: Cannot access 'cep' before initialization","timestamp":"09/03/2025 16:09:33"}
{"level":"error","message":"Erro ao consultar o Cep undefined: Cep não informado!","timestamp":"09/03/2025 16:12:05"}
{"level":"error","message":"Erro ao processar o Cep undefined: Erro ao localizar o Cep!","timestamp":"09/03/2025 16:12:05"}
{"level":"error","message":"Erro ao processar o Cep 59585000: cep is not defined","timestamp":"09/03/2025 16:14:54"}
{"level":"error","message":"Erro ao processar o Cep 59585000: cep is not defined","timestamp":"09/03/2025 16:16:08"}
{"level":"error","message":"Erro ao processar o Cep 59585000: estado is not defined","timestamp":"09/03/2025 16:21:55"}
{"level":"error","message":"Erro ao processar o Cep 99010-051: distancia.toFixed is not a function","timestamp":"09/03/2025 17:49:34"}
{"level":"error","message":"Erro ao processar o Cep 53640065: distanciaKm is not defined","timestamp":"09/03/2025 18:08:46"}
{"level":"error","message":"Erro ao processar o Cep 53640065: distancia.toFixed is not a function","timestamp":"09/03/2025 18:34:05"}
{"level":"error","message":"Erro ao processar o Cep 53640065: km is not defined","timestamp":"09/03/2025 19:09:27"}
{"level":"error","message":"Erro ao processar o Cep 53640065: distancia.toFixed is not a function","timestamp":"09/03/2025 19:29:41"}
{"level":"error","message":"Erro ao processar o Cep 53640065: lojasProximas is not defined","timestamp":"09/03/2025 19:42:06"}
{"level":"error","message":"Erro ao processar o Cep 53640065: localizacao is not defined","timestamp":"09/03/2025 19:45:18"}
{"level":"error","message":"Erro ao processar o Cep 53640060: dadosEndereco is not defined","timestamp":"09/03/2025 20:19:06"}
{"level":"error","message":"Erro ao consultar o Cep 155565000: Cep inválido!","timestamp":"09/03/2025 21:07:50"}
{"level":"error","message":"Erro ao processar o Cep 155565000: Erro ao localizar o Cep!","timestamp":"09/03/2025 21:07:50"}
